<?xml version="1.0" encoding="UTF-8"?>
<testsuite xmlns:xsi="http://www.w3.org/2001/XMLSchema-instance" xsi:noNamespaceSchemaLocation="https://maven.apache.org/surefire/maven-surefire-plugin/xsd/surefire-test-report-3.0.xsd" version="3.0" name="com.src.test.TestClass" time="0.123" tests="5" errors="0" skipped="0" failures="0">
  <properties>
    <property name="java.specification.version" value="17"/>
    <property name="sun.cpu.isalist" value="amd64"/>
    <property name="sun.jnu.encoding" value="Cp1252"/>
    <property name="java.class.path" value="F:\core java\junit2\target\test-classes;F:\core java\junit2\target\classes;C:\Users\91995\.m2\repository\junit\junit\4.13.2\junit-4.13.2.jar;C:\Users\91995\.m2\repository\org\hamcrest\hamcrest-core\1.3\hamcrest-core-1.3.jar;"/>
    <property name="java.vm.vendor" value="Eclipse Adoptium"/>
    <property name="sun.arch.data.model" value="64"/>
    <property name="user.variant" value=""/>
    <property name="java.vendor.url" value="https://adoptium.net/"/>
    <property name="user.timezone" value="Asia/Calcutta"/>
    <property name="os.name" value="Windows 11"/>
    <property name="java.vm.specification.version" value="17"/>
    <property name="sun.java.launcher" value="SUN_STANDARD"/>
    <property name="user.country" value="IN"/>
    <property name="sun.boot.library.path" value="E:\Downloads\sts-4.15.1.RELEASE\plugins\org.eclipse.justj.openjdk.hotspot.jre.full.win32.x86_64_17.0.3.v20220515-1416\jre\bin"/>
    <property name="sun.java.command" value="C:\Users\91995\AppData\Local\Temp\surefire3858468769056757567\surefirebooter-20240517163135051_3.jar C:\Users\91995\AppData\Local\Temp\surefire3858468769056757567 2024-05-17T16-31-33_876-jvmRun1 surefire-20240517163135051_1tmp surefire_0-20240517163135051_2tmp"/>
    <property name="jdk.debug" value="release"/>
    <property name="surefire.test.class.path" value="F:\core java\junit2\target\test-classes;F:\core java\junit2\target\classes;C:\Users\91995\.m2\repository\junit\junit\4.13.2\junit-4.13.2.jar;C:\Users\91995\.m2\repository\org\hamcrest\hamcrest-core\1.3\hamcrest-core-1.3.jar;"/>
    <property name="sun.cpu.endian" value="little"/>
    <property name="user.home" value="C:\Users\91995"/>
    <property name="user.language" value="en"/>
    <property name="java.specification.vendor" value="Oracle Corporation"/>
    <property name="java.version.date" value="2022-04-19"/>
    <property name="java.home" value="E:\Downloads\sts-4.15.1.RELEASE\plugins\org.eclipse.justj.openjdk.hotspot.jre.full.win32.x86_64_17.0.3.v20220515-1416\jre"/>
    <property name="file.separator" value="\"/>
    <property name="style.color" value="always"/>
    <property name="basedir" value="F:\core java\junit2"/>
    <property name="java.vm.compressedOopsMode" value="32-bit"/>
    <property name="line.separator" value="&#10;"/>
    <property name="java.vm.specification.vendor" value="Oracle Corporation"/>
    <property name="java.specification.name" value="Java Platform API Specification"/>
    <property name="surefire.real.class.path" value="C:\Users\91995\AppData\Local\Temp\surefire3858468769056757567\surefirebooter-20240517163135051_3.jar"/>
    <property name="user.script" value=""/>
    <property name="sun.management.compiler" value="HotSpot 64-Bit Tiered Compilers"/>
    <property name="java.runtime.version" value="17.0.3+7"/>
    <property name="user.name" value="shiva.netha"/>
    <property name="path.separator" value=";"/>
    <property name="os.version" value="10.0"/>
    <property name="java.runtime.name" value="OpenJDK Runtime Environment"/>
    <property name="file.encoding" value="Cp1252"/>
    <property name="java.vm.name" value="OpenJDK 64-Bit Server VM"/>
    <property name="java.vendor.version" value="Temurin-17.0.3+7"/>
    <property name="localRepository" value="C:\Users\91995\.m2\repository"/>
    <property name="java.vendor.url.bug" value="https://github.com/adoptium/adoptium-support/issues"/>
    <property name="java.io.tmpdir" value="C:\Users\91995\AppData\Local\Temp\"/>
    <property name="java.version" value="17.0.3"/>
    <property name="user.dir" value="F:\core java\junit2"/>
    <property name="os.arch" value="amd64"/>
    <property name="java.vm.specification.name" value="Java Virtual Machine Specification"/>
    <property name="sun.os.patch.level" value=""/>
    <property name="native.encoding" value="Cp1252"/>
    <property name="java.library.path" value="E:\Downloads\sts-4.15.1.RELEASE\plugins\org.eclipse.justj.openjdk.hotspot.jre.full.win32.x86_64_17.0.3.v20220515-1416\jre\bin;C:\WINDOWS\Sun\Java\bin;C:\WINDOWS\system32;C:\WINDOWS;E:/Downloads/sts-4.15.1.RELEASE//plugins/org.eclipse.justj.openjdk.hotspot.jre.full.win32.x86_64_17.0.3.v20220515-1416/jre/bin/server;E:/Downloads/sts-4.15.1.RELEASE//plugins/org.eclipse.justj.openjdk.hotspot.jre.full.win32.x86_64_17.0.3.v20220515-1416/jre/bin;F:\oracle\bin;C:\Program Files\Common Files\Oracle\Java\javapath;C:\Program Files (x86)\Common Files\Oracle\Java\javapath;C:\Windows\system32;C:\Windows;C:\Windows\System32\Wbem;C:\Windows\System32\WindowsPowerShell\v1.0\;C:\Windows\System32\OpenSSH\;C:\Users\91995\AppData\Local\Microsoft\WindowsApps;C:\adb;C:\Program Files\WinRAR;C:\Program Files\Git\cmd;D:\chrome downloads\Git\cmd;C:\Program Files\Java\jdk-11.0.10\bin;D:\Putty\;C:\WINDOWS\system32;C:\WINDOWS;C:\WINDOWS\System32\Wbem;C:\WINDOWS\System32\WindowsPowerShell\v1.0\;C:\WINDOWS\System32\OpenSSH\;C:\Program Files\Docker\Docker\resources\bin;C:\ProgramData\DockerDesktop\version-bin;F:\apache-maven-3.9.6-bin\apache-maven-3.9.6\bin\bin;%JAVA_HOME%\bin;C:\Program Files\MySQL\MySQL Shell 8.0\bin\;C:\Users\91995\AppData\Local\Microsoft\WindowsApps;C:\Program Files\WinRAR;C:\Program Files\Java\jdk-11.0.10\bin;;E:\Downloads\sts-4.15.1.RELEASE;;."/>
    <property name="java.vm.info" value="mixed mode"/>
    <property name="java.vendor" value="Eclipse Adoptium"/>
    <property name="java.vm.version" value="17.0.3+7"/>
    <property name="sun.io.unicode.encoding" value="UnicodeLittle"/>
    <property name="java.class.version" value="61.0"/>
  </properties>
  <testcase name="testCalculateSquareRootZero1" classname="com.src.test.TestClass" time="0.022">
    <system-out><![CDATA[we using before class
we using after
]]></system-out>
  </testcase>
  <testcase name="test" classname="com.src.test.TestClass" time="0.003">
    <system-out><![CDATA[we using before class
we using test
we using after
]]></system-out>
  </testcase>
  <testcase name="testCalculateSquareRootNegativeNumber2" classname="com.src.test.TestClass" time="0.002">
    <system-out><![CDATA[we using before class
we using after
]]></system-out>
  </testcase>
  <testcase name="testCalculateSquareRootNegativeNumber" classname="com.src.test.TestClass" time="0.002">
    <system-out><![CDATA[we using before class
we using after
]]></system-out>
  </testcase>
  <testcase name="testCalculateSquareRootPositiveNumber" classname="com.src.test.TestClass" time="0.002">
    <system-out><![CDATA[we using before class
we using after
]]></system-out>
  </testcase>
</testsuite>